{"/workspaces/codespaces-express/profiles.js": {"path":"/workspaces/codespaces-express/profiles.js","statementMap":{"0":{"start":{"line":1,"column":13},"end":{"line":1,"column":28}},"1":{"start":{"line":5,"column":17},"end":{"line":5,"column":29}},"2":{"start":{"line":6,"column":2},"end":{"line":6,"column":82}},"3":{"start":{"line":6,"column":15},"end":{"line":6,"column":82}},"4":{"start":{"line":8,"column":2},"end":{"line":26,"column":3}},"5":{"start":{"line":9,"column":20},"end":{"line":12,"column":5}},"6":{"start":{"line":14,"column":23},"end":{"line":17,"column":5}},"7":{"start":{"line":19,"column":17},"end":{"line":19,"column":40}},"8":{"start":{"line":20,"column":20},"end":{"line":20,"column":46}},"9":{"start":{"line":22,"column":4},"end":{"line":22,"column":32}},"10":{"start":{"line":24,"column":4},"end":{"line":24,"column":45}},"11":{"start":{"line":25,"column":4},"end":{"line":25,"column":59}},"12":{"start":{"line":31,"column":13},"end":{"line":31,"column":40}},"13":{"start":{"line":32,"column":2},"end":{"line":32,"column":69}},"14":{"start":{"line":32,"column":11},"end":{"line":32,"column":69}},"15":{"start":{"line":34,"column":2},"end":{"line":54,"column":3}},"16":{"start":{"line":35,"column":20},"end":{"line":38,"column":5}},"17":{"start":{"line":40,"column":23},"end":{"line":43,"column":5}},"18":{"start":{"line":45,"column":17},"end":{"line":45,"column":40}},"19":{"start":{"line":46,"column":20},"end":{"line":46,"column":46}},"20":{"start":{"line":48,"column":4},"end":{"line":48,"column":78}},"21":{"start":{"line":48,"column":15},"end":{"line":48,"column":78}},"22":{"start":{"line":50,"column":4},"end":{"line":50,"column":32}},"23":{"start":{"line":52,"column":4},"end":{"line":52,"column":51}},"24":{"start":{"line":53,"column":4},"end":{"line":53,"column":59}},"25":{"start":{"line":59,"column":17},"end":{"line":59,"column":29}},"26":{"start":{"line":60,"column":2},"end":{"line":60,"column":82}},"27":{"start":{"line":60,"column":15},"end":{"line":60,"column":82}},"28":{"start":{"line":62,"column":61},"end":{"line":62,"column":69}},"29":{"start":{"line":64,"column":2},"end":{"line":93,"column":3}},"30":{"start":{"line":66,"column":4},"end":{"line":69,"column":6}},"31":{"start":{"line":72,"column":23},"end":{"line":72,"column":27}},"32":{"start":{"line":73,"column":4},"end":{"line":78,"column":5}},"33":{"start":{"line":74,"column":6},"end":{"line":77,"column":7}},"34":{"start":{"line":74,"column":36},"end":{"line":74,"column":61}},"35":{"start":{"line":75,"column":11},"end":{"line":77,"column":7}},"36":{"start":{"line":76,"column":8},"end":{"line":76,"column":79}},"37":{"start":{"line":76,"column":53},"end":{"line":76,"column":61}},"38":{"start":{"line":81,"column":4},"end":{"line":87,"column":6}},"39":{"start":{"line":89,"column":4},"end":{"line":89,"column":48}},"40":{"start":{"line":91,"column":4},"end":{"line":91,"column":48}},"41":{"start":{"line":92,"column":4},"end":{"line":92,"column":59}},"42":{"start":{"line":98,"column":17},"end":{"line":98,"column":29}},"43":{"start":{"line":99,"column":2},"end":{"line":99,"column":82}},"44":{"start":{"line":99,"column":15},"end":{"line":99,"column":82}},"45":{"start":{"line":100,"column":2},"end":{"line":100,"column":75}},"46":{"start":{"line":100,"column":17},"end":{"line":100,"column":75}},"47":{"start":{"line":102,"column":2},"end":{"line":109,"column":3}},"48":{"start":{"line":103,"column":21},"end":{"line":103,"column":52}},"49":{"start":{"line":104,"column":4},"end":{"line":104,"column":110}},"50":{"start":{"line":105,"column":4},"end":{"line":105,"column":38}},"51":{"start":{"line":107,"column":4},"end":{"line":107,"column":46}},"52":{"start":{"line":108,"column":4},"end":{"line":108,"column":59}},"53":{"start":{"line":112,"column":0},"end":{"line":117,"column":2}}},"fnMap":{"0":{"name":"getMyProfile","decl":{"start":{"line":4,"column":15},"end":{"line":4,"column":27}},"loc":{"start":{"line":4,"column":38},"end":{"line":27,"column":1}},"line":4},"1":{"name":"getProfileById","decl":{"start":{"line":30,"column":15},"end":{"line":30,"column":29}},"loc":{"start":{"line":30,"column":40},"end":{"line":55,"column":1}},"line":30},"2":{"name":"updateProfile","decl":{"start":{"line":58,"column":15},"end":{"line":58,"column":28}},"loc":{"start":{"line":58,"column":39},"end":{"line":94,"column":1}},"line":58},"3":{"name":"(anonymous_3)","decl":{"start":{"line":76,"column":48},"end":{"line":76,"column":49}},"loc":{"start":{"line":76,"column":53},"end":{"line":76,"column":61}},"line":76},"4":{"name":"uploadPhoto","decl":{"start":{"line":97,"column":15},"end":{"line":97,"column":26}},"loc":{"start":{"line":97,"column":37},"end":{"line":110,"column":1}},"line":97}},"branchMap":{"0":{"loc":{"start":{"line":6,"column":2},"end":{"line":6,"column":82}},"type":"if","locations":[{"start":{"line":6,"column":2},"end":{"line":6,"column":82}},{"start":{},"end":{}}],"line":6},"1":{"loc":{"start":{"line":19,"column":17},"end":{"line":19,"column":40}},"type":"binary-expr","locations":[{"start":{"line":19,"column":17},"end":{"line":19,"column":32}},{"start":{"line":19,"column":36},"end":{"line":19,"column":40}}],"line":19},"2":{"loc":{"start":{"line":20,"column":20},"end":{"line":20,"column":46}},"type":"binary-expr","locations":[{"start":{"line":20,"column":20},"end":{"line":20,"column":38}},{"start":{"line":20,"column":42},"end":{"line":20,"column":46}}],"line":20},"3":{"loc":{"start":{"line":32,"column":2},"end":{"line":32,"column":69}},"type":"if","locations":[{"start":{"line":32,"column":2},"end":{"line":32,"column":69}},{"start":{},"end":{}}],"line":32},"4":{"loc":{"start":{"line":45,"column":17},"end":{"line":45,"column":40}},"type":"binary-expr","locations":[{"start":{"line":45,"column":17},"end":{"line":45,"column":32}},{"start":{"line":45,"column":36},"end":{"line":45,"column":40}}],"line":45},"5":{"loc":{"start":{"line":46,"column":20},"end":{"line":46,"column":46}},"type":"binary-expr","locations":[{"start":{"line":46,"column":20},"end":{"line":46,"column":38}},{"start":{"line":46,"column":42},"end":{"line":46,"column":46}}],"line":46},"6":{"loc":{"start":{"line":48,"column":4},"end":{"line":48,"column":78}},"type":"if","locations":[{"start":{"line":48,"column":4},"end":{"line":48,"column":78}},{"start":{},"end":{}}],"line":48},"7":{"loc":{"start":{"line":60,"column":2},"end":{"line":60,"column":82}},"type":"if","locations":[{"start":{"line":60,"column":2},"end":{"line":60,"column":82}},{"start":{},"end":{}}],"line":60},"8":{"loc":{"start":{"line":68,"column":13},"end":{"line":68,"column":24}},"type":"binary-expr","locations":[{"start":{"line":68,"column":13},"end":{"line":68,"column":16}},{"start":{"line":68,"column":20},"end":{"line":68,"column":24}}],"line":68},"9":{"loc":{"start":{"line":68,"column":26},"end":{"line":68,"column":37}},"type":"binary-expr","locations":[{"start":{"line":68,"column":26},"end":{"line":68,"column":29}},{"start":{"line":68,"column":33},"end":{"line":68,"column":37}}],"line":68},"10":{"loc":{"start":{"line":73,"column":4},"end":{"line":78,"column":5}},"type":"if","locations":[{"start":{"line":73,"column":4},"end":{"line":78,"column":5}},{"start":{},"end":{}}],"line":73},"11":{"loc":{"start":{"line":74,"column":6},"end":{"line":77,"column":7}},"type":"if","locations":[{"start":{"line":74,"column":6},"end":{"line":77,"column":7}},{"start":{"line":75,"column":11},"end":{"line":77,"column":7}}],"line":74},"12":{"loc":{"start":{"line":75,"column":11},"end":{"line":77,"column":7}},"type":"if","locations":[{"start":{"line":75,"column":11},"end":{"line":77,"column":7}},{"start":{},"end":{}}],"line":75},"13":{"loc":{"start":{"line":86,"column":15},"end":{"line":86,"column":29}},"type":"binary-expr","locations":[{"start":{"line":86,"column":15},"end":{"line":86,"column":21}},{"start":{"line":86,"column":25},"end":{"line":86,"column":29}}],"line":86},"14":{"loc":{"start":{"line":86,"column":45},"end":{"line":86,"column":64}},"type":"binary-expr","locations":[{"start":{"line":86,"column":45},"end":{"line":86,"column":56}},{"start":{"line":86,"column":60},"end":{"line":86,"column":64}}],"line":86},"15":{"loc":{"start":{"line":99,"column":2},"end":{"line":99,"column":82}},"type":"if","locations":[{"start":{"line":99,"column":2},"end":{"line":99,"column":82}},{"start":{},"end":{}}],"line":99},"16":{"loc":{"start":{"line":100,"column":2},"end":{"line":100,"column":75}},"type":"if","locations":[{"start":{"line":100,"column":2},"end":{"line":100,"column":75}},{"start":{},"end":{}}],"line":100}},"s":{"0":1,"1":1,"2":1,"3":0,"4":1,"5":1,"6":1,"7":1,"8":1,"9":1,"10":0,"11":0,"12":1,"13":1,"14":0,"15":1,"16":1,"17":1,"18":1,"19":1,"20":1,"21":1,"22":0,"23":0,"24":0,"25":1,"26":1,"27":0,"28":1,"29":1,"30":1,"31":1,"32":1,"33":1,"34":0,"35":1,"36":1,"37":2,"38":1,"39":1,"40":0,"41":0,"42":1,"43":1,"44":0,"45":1,"46":0,"47":1,"48":1,"49":1,"50":1,"51":0,"52":0,"53":1},"f":{"0":1,"1":1,"2":1,"3":2,"4":1},"b":{"0":[0,1],"1":[1,0],"2":[1,0],"3":[0,1],"4":[1,1],"5":[1,1],"6":[1,0],"7":[0,1],"8":[1,0],"9":[1,0],"10":[1,0],"11":[0,1],"12":[1,0],"13":[1,0],"14":[1,0],"15":[0,1],"16":[0,1]},"_coverageSchema":"1a1c01bbd47fc00a2c39e90264f33305004495a9","hash":"7ec5be6c30022840479915e60d6861ebf2ad0b06"}
}
