TN:
SF:profiles.js
FN:4,getMyProfile
FN:30,getProfileById
FN:58,updateProfile
FN:76,(anonymous_3)
FN:97,uploadPhoto
FNF:5
FNH:5
FNDA:1,getMyProfile
FNDA:1,getProfileById
FNDA:1,updateProfile
FNDA:2,(anonymous_3)
FNDA:1,uploadPhoto
DA:1,1
DA:5,1
DA:6,1
DA:8,1
DA:9,1
DA:14,1
DA:19,1
DA:20,1
DA:22,1
DA:24,0
DA:25,0
DA:31,1
DA:32,1
DA:34,1
DA:35,1
DA:40,1
DA:45,1
DA:46,1
DA:48,1
DA:50,0
DA:52,0
DA:53,0
DA:59,1
DA:60,1
DA:62,1
DA:64,1
DA:66,1
DA:72,1
DA:73,1
DA:74,1
DA:75,1
DA:76,2
DA:81,1
DA:89,1
DA:91,0
DA:92,0
DA:98,1
DA:99,1
DA:100,1
DA:102,1
DA:103,1
DA:104,1
DA:105,1
DA:107,0
DA:108,0
DA:112,1
LF:46
LH:37
BRDA:6,0,0,0
BRDA:6,0,1,1
BRDA:19,1,0,1
BRDA:19,1,1,0
BRDA:20,2,0,1
BRDA:20,2,1,0
BRDA:32,3,0,0
BRDA:32,3,1,1
BRDA:45,4,0,1
BRDA:45,4,1,1
BRDA:46,5,0,1
BRDA:46,5,1,1
BRDA:48,6,0,1
BRDA:48,6,1,0
BRDA:60,7,0,0
BRDA:60,7,1,1
BRDA:68,8,0,1
BRDA:68,8,1,0
BRDA:68,9,0,1
BRDA:68,9,1,0
BRDA:73,10,0,1
BRDA:73,10,1,0
BRDA:74,11,0,0
BRDA:74,11,1,1
BRDA:75,12,0,1
BRDA:75,12,1,0
BRDA:86,13,0,1
BRDA:86,13,1,0
BRDA:86,14,0,1
BRDA:86,14,1,0
BRDA:99,15,0,0
BRDA:99,15,1,1
BRDA:100,16,0,0
BRDA:100,16,1,1
BRF:34
BRH:19
end_of_record
